[0;34m[2026-05-02 15:43:03][0m Starting Telegram Android Offline Repository Generator
[0;34m[2026-05-02 15:43:03][0m Segment: plugins
[0;34m[2026-05-02 15:43:03][0m Working directory: /root/temp/Telegram
[0;34m[2026-05-02 15:43:03][0m Repository base: /root/temp/Telegram/offline-repo
[0;34m[2026-05-02 15:43:03][0m ==========================================
[0;34m[2026-05-02 15:43:03][0m SEGMENT 3: Android/Gradle Plugins
[0;34m[2026-05-02 15:43:03][0m ==========================================
[0;34m[2026-05-02 15:43:03][0m Creating plugin resolution project...
[0;34m[2026-05-02 15:43:03][0m Copying Gradle wrapper...
[0;34m[2026-05-02 15:43:03][0m Detected AGP version: 8.6.1
[0;34m[2026-05-02 15:43:03][0m Detected Kotlin version: 1.9.20
[0;34m[2026-05-02 15:43:03][0m Resolving plugin dependencies...
Downloading https://services.gradle.org/distributions/gradle-8.7-bin.zip
............10%.............20%.............30%.............40%............50%.............60%.............70%.............80%.............90%............100%

Welcome to Gradle 8.7!

Here are the highlights of this release:
 - Compiling and testing with Java 22
 - Cacheable Groovy script compilation
 - New methods in lazy collection properties

For more details see https://docs.gradle.org/8.7/release-notes.html

To honour the JVM settings for this build a single-use Daemon process will be forked. For more on this, please refer to https://docs.gradle.org/8.7/userguide/gradle_daemon.html#sec:disabling_the_daemon in the Gradle documentation.
Daemon will be stopped at the end of the build 

> Configure project :
Build was configured to prefer settings repositories over project repositories but repository 'Google' was added by build file 'build.gradle.kts'
Build was configured to prefer settings repositories over project repositories but repository 'MavenRepo' was added by build file 'build.gradle.kts'

> Task :buildEnvironment

------------------------------------------------------------
Root project 'telegram-plugin-resolver'
------------------------------------------------------------

classpath
+--- com.android.tools.build:gradle:8.6.1
|    +--- com.android.tools.build:gradle-settings-api:8.6.1
|    |    \--- org.jetbrains.kotlin:kotlin-stdlib-jdk8:1.9.20
|    |         +--- org.jetbrains.kotlin:kotlin-stdlib:1.9.20 -> 1.9.22
|    |         |    +--- org.jetbrains:annotations:13.0
|    |         |    +--- org.jetbrains.kotlin:kotlin-stdlib-jdk7:1.8.0 -> 1.9.20 (c)
|    |         |    \--- org.jetbrains.kotlin:kotlin-stdlib-jdk8:1.8.0 -> 1.9.20 (c)
|    |         \--- org.jetbrains.kotlin:kotlin-stdlib-jdk7:1.9.20
|    |              \--- org.jetbrains.kotlin:kotlin-stdlib:1.9.20 -> 1.9.22 (*)
|    +--- com.android.tools:sdk-common:31.6.1
|    |    +--- com.android.tools.analytics-library:shared:31.6.1
|    |    |    +--- com.android.tools.analytics-library:protos:31.6.1
|    |    |    |    \--- com.google.protobuf:protobuf-java:3.22.3
|    |    |    +--- com.android.tools:annotations:31.6.1
|    |    |    +--- com.android.tools:common:31.6.1
|    |    |    |    +--- com.android.tools:annotations:31.6.1
|    |    |    |    +--- com.google.guava:guava:32.0.1-jre
|    |    |    |    |    +--- com.google.guava:failureaccess:1.0.1
|    |    |    |    |    +--- com.google.guava:listenablefuture:9999.0-empty-to-avoid-conflict-with-guava
|    |    |    |    |    +--- com.google.code.findbugs:jsr305:3.0.2
|    |    |    |    |    +--- org.checkerframework:checker-qual:3.33.0
|    |    |    |    |    +--- com.google.errorprone:error_prone_annotations:2.18.0
|    |    |    |    |    \--- com.google.j2objc:j2objc-annotations:2.8
|    |    |    |    +--- net.java.dev.jna:jna-platform:5.6.0
|    |    |    |    |    \--- net.java.dev.jna:jna:5.6.0
|    |    |    |    \--- org.jetbrains.kotlin:kotlin-stdlib-jdk8:1.9.20 (*)
|    |    |    +--- com.google.code.gson:gson:2.10.1
|    |    |    +--- com.google.guava:guava:32.0.1-jre (*)
|    |    |    +--- net.java.dev.jna:jna-platform:5.6.0 (*)
|    |    |    \--- org.jetbrains.kotlin:kotlin-stdlib-jdk8:1.9.20 (*)
|    |    +--- com.android.tools.build:aapt2-proto:8.6.1-11315950
|    |    |    \--- com.google.protobuf:protobuf-java:3.22.3
|    |    +--- com.android.tools:common:31.6.1 (*)
|    |    +--- com.android.tools.ddms:ddmlib:31.6.1
|    |    |    +--- com.android.tools:common:31.6.1 (*)
|    |    |    +--- com.google.protobuf:protobuf-java:3.22.3
|    |    |    +--- net.sf.kxml:kxml2:2.3.0
|    |    |    \--- org.jetbrains:annotations:23.0.0 -> 13.0
|    |    +--- com.android.tools.layoutlib:layoutlib-api:31.6.1
|    |    |    +--- com.android.tools:annotations:31.6.1
|    |    |    +--- com.android.tools:common:31.6.1 (*)
|    |    |    +--- net.sf.kxml:kxml2:2.3.0
|    |    |    \--- org.jetbrains:annotations:23.0.0 -> 13.0
|    |    +--- com.android.tools:sdklib:31.6.1
|    |    |    +--- com.android.tools:repository:31.6.1
|    |    |    |    +--- com.android.tools.analytics-library:shared:31.6.1 (*)
|    |    |    |    +--- com.android.tools:common:31.6.1 (*)
|    |    |    |    +--- com.google.jimfs:jimfs:1.1
|    |    |    |    |    \--- com.google.guava:guava:18.0 -> 32.0.1-jre (*)
|    |    |    |    +--- com.sun.activation:javax.activation:1.2.0
|    |    |    |    +--- org.apache.commons:commons-compress:1.21
|    |    |    |    +--- org.glassfish.jaxb:jaxb-runtime:2.3.2
|    |    |    |    |    +--- jakarta.xml.bind:jakarta.xml.bind-api:2.3.2
|    |    |    |    |    |    \--- jakarta.activation:jakarta.activation-api:1.2.1
|    |    |    |    |    +--- org.glassfish.jaxb:txw2:2.3.2
|    |    |    |    |    +--- com.sun.istack:istack-commons-runtime:3.0.8
|    |    |    |    |    |    \--- jakarta.activation:jakarta.activation-api:1.2.1
|    |    |    |    |    +--- org.jvnet.staxex:stax-ex:1.8.1
|    |    |    |    |    |    +--- jakarta.activation:jakarta.activation-api:1.2.1
|    |    |    |    |    |    \--- jakarta.xml.bind:jakarta.xml.bind-api:2.3.2 (*)
|    |    |    |    |    +--- com.sun.xml.fastinfoset:FastInfoset:1.2.16
|    |    |    |    |    \--- jakarta.activation:jakarta.activation-api:1.2.1
|    |    |    |    \--- org.jetbrains.kotlin:kotlin-stdlib-jdk8:1.9.20 (*)
|    |    |    +--- com.android.tools:common:31.6.1 (*)
|    |    |    +--- com.android.tools:dvlib:31.6.1
|    |    |    |    \--- com.android.tools:common:31.6.1 (*)
|    |    |    +--- com.android.tools.layoutlib:layoutlib-api:31.6.1 (*)
|    |    |    +--- com.google.code.gson:gson:2.10.1
|    |    |    +--- org.apache.commons:commons-compress:1.21
|    |    |    +--- org.apache.httpcomponents:httpcore:4.4.16
|    |    |    +--- org.apache.httpcomponents:httpmime:4.5.6
|    |    |    |    \--- org.apache.httpcomponents:httpclient:4.5.6 -> 4.5.14
|    |    |    |         +--- org.apache.httpcomponents:httpcore:4.4.16
|    |    |    |         +--- commons-logging:commons-logging:1.2
|    |    |    |         \--- commons-codec:commons-codec:1.11
|    |    |    \--- org.glassfish.jaxb:jaxb-runtime:2.3.2 (*)
|    |    +--- com.google.code.gson:gson:2.10.1
|    |    +--- com.google.guava:guava:32.0.1-jre (*)
|    |    +--- com.google.protobuf:protobuf-java:3.22.3
|    |    +--- javax.inject:javax.inject:1
|    |    +--- net.sf.kxml:kxml2:2.3.0
|    |    +--- org.bouncycastle:bcpkix-jdk18on:1.77
|    |    |    +--- org.bouncycastle:bcprov-jdk18on:1.77
|    |    |    \--- org.bouncycastle:bcutil-jdk18on:1.77
|    |    |         \--- org.bouncycastle:bcprov-jdk18on:1.77
|    |    +--- org.bouncycastle:bcprov-jdk18on:1.77
|    |    +--- org.glassfish.jaxb:jaxb-runtime:2.3.2 (*)
|    |    +--- org.jetbrains.intellij.deps:trove4j:1.0.20200330
|    |    +--- org.jetbrains.kotlin:kotlin-reflect:1.9.20 -> 1.9.22
|    |    |    \--- org.jetbrains.kotlin:kotlin-stdlib:1.9.22 (*)
|    |    \--- org.jetbrains.kotlin:kotlin-stdlib-jdk8:1.9.20 (*)
|    +--- com.android.tools:sdklib:31.6.1 (*)
|    +--- com.android.tools:repository:31.6.1 (*)
|    +--- com.android.tools.ddms:ddmlib:31.6.1 (*)
|    +--- com.android.tools.build:aapt2-proto:8.6.1-11315950 (*)
|    +--- com.android.tools.build:aaptcompiler:8.6.1
|    |    +--- com.android.tools.build:aapt2-proto:8.6.1-11315950 (*)
|    |    +--- com.android.tools.layoutlib:layoutlib-api:31.6.1 (*)
|    |    +--- com.android.tools:common:31.6.1 (*)
|    |    +--- com.google.protobuf:protobuf-java:3.22.3
|    |    +--- com.google.guava:guava:32.0.1-jre (*)
|    |    \--- org.jetbrains.kotlin:kotlin-stdlib-jdk8:1.9.20 (*)
|    +--- com.android.tools.analytics-library:crash:31.6.1
|    |    +--- com.android.tools:annotations:31.6.1
|    |    +--- com.google.guava:guava:32.0.1-jre (*)
|    |    +--- org.apache.httpcomponents:httpclient:4.5.14 (*)
|    |    +--- org.apache.httpcomponents:httpcore:4.4.16
|    |    \--- org.apache.httpcomponents:httpmime:4.5.6 (*)
|    +--- com.android.tools.analytics-library:shared:31.6.1 (*)
|    +--- com.android.tools.lint:lint-model:31.6.1
|    |    +--- com.android.tools.build:builder-model:8.6.1
|    |    |    +--- com.android.tools:annotations:31.6.1
|    |    |    \--- org.jetbrains.kotlin:kotlin-stdlib-jdk8:1.9.20 (*)
|    |    +--- com.android.tools:common:31.6.1 (*)
|    |    +--- com.android.tools:sdk-common:31.6.1 (*)
|    |    +--- net.sf.kxml:kxml2:2.3.0
|    |    \--- org.jetbrains.kotlin:kotlin-stdlib-jdk8:1.9.20 (*)
|    +--- com.android.tools.lint:lint-typedef-remover:31.6.1
|    |    +--- com.android.tools:annotations:31.6.1
|    |    +--- com.google.guava:guava:32.0.1-jre (*)
|    |    \--- org.ow2.asm:asm:9.6
|    +--- androidx.databinding:databinding-compiler-common:8.6.1
|    |    +--- androidx.databinding:databinding-common:8.6.1
|    |    +--- com.android.databinding:baseLibrary:8.6.1
|    |    +--- com.android.tools:annotations:31.6.1
|    |    +--- com.android.tools.build.jetifier:jetifier-core:1.0.0-beta10
|    |    |    +--- com.google.code.gson:gson:2.8.0 -> 2.10.1
|    |    |    \--- org.jetbrains.kotlin:kotlin-stdlib:1.3.71 -> 1.9.22 (*)
|    |    +--- com.google.code.gson:gson:2.10.1
|    |    +--- com.google.guava:guava:32.0.1-jre (*)
|    |    +--- com.googlecode.juniversalchardet:juniversalchardet:1.0.3
|    |    +--- com.squareup:javapoet:1.10.0
|    |    +--- commons-io:commons-io:2.13.0
|    |    +--- org.glassfish.jaxb:jaxb-runtime:2.3.2 (*)
|    |    \--- org.jetbrains.kotlin:kotlin-stdlib-jdk8:1.9.20 (*)
|    +--- androidx.databinding:databinding-common:8.6.1
|    +--- com.android.databinding:baseLibrary:8.6.1
|    +--- com.android.tools.build:builder-test-api:8.6.1
|    |    +--- com.android.tools.ddms:ddmlib:31.6.1 (*)
|    |    +--- com.android.tools:annotations:31.6.1
|    |    +--- com.android.tools:common:31.6.1 (*)
|    |    \--- com.google.guava:guava:32.0.1-jre (*)
|    +--- com.android.tools.layoutlib:layoutlib-api:31.6.1 (*)
|    +--- com.android.tools.utp:android-device-provider-ddmlib-proto:31.6.1
|    |    \--- com.google.protobuf:protobuf-java:3.22.3
|    +--- com.android.tools.utp:android-device-provider-gradle-proto:31.6.1
|    |    \--- com.google.protobuf:protobuf-java:3.22.3
|    +--- com.android.tools.utp:android-test-plugin-host-additional-test-output-proto:31.6.1
|    |    \--- com.google.protobuf:protobuf-java:3.22.3
|    +--- com.android.tools.utp:android-test-plugin-host-coverage-proto:31.6.1
|    |    \--- com.google.protobuf:protobuf-java:3.22.3
|    +--- com.android.tools.utp:android-test-plugin-host-emulator-control-proto:31.6.1
|    |    +--- org.jetbrains.kotlin:kotlin-stdlib-jdk8:1.9.20 (*)
|    |    \--- com.google.protobuf:protobuf-java:3.22.3
|    +--- com.android.tools.utp:android-test-plugin-host-logcat-proto:31.6.1
|    |    \--- com.google.protobuf:protobuf-java:3.22.3
|    +--- com.android.tools.utp:android-test-plugin-host-apk-installer-proto:31.6.1
|    |    \--- com.google.protobuf:protobuf-java:3.22.3
|    +--- com.android.tools.utp:android-test-plugin-host-retention-proto:31.6.1
|    |    +--- org.jetbrains.kotlin:kotlin-stdlib-jdk8:1.9.20 (*)
|    |    \--- com.google.protobuf:protobuf-java:3.22.3
|    +--- com.android.tools.utp:android-test-plugin-result-listener-gradle-proto:31.6.1
|    |    +--- com.google.code.gson:gson:2.10.1
|    |    +--- com.google.guava:guava:32.0.1-jre (*)
|    |    +--- io.grpc:grpc-core:1.57.0
|    |    |    +--- io.grpc:grpc-api:1.57.0
|    |    |    |    +--- com.google.code.findbugs:jsr305:3.0.2
|    |    |    |    +--- com.google.errorprone:error_prone_annotations:2.18.0
|    |    |    |    \--- com.google.guava:guava:32.0.1-android -> 32.0.1-jre (*)
|    |    |    +--- com.google.code.gson:gson:2.10.1
|    |    |    +--- com.google.android:annotations:4.1.1.4
|    |    |    +--- org.codehaus.mojo:animal-sniffer-annotations:1.23
|    |    |    +--- com.google.errorprone:error_prone_annotations:2.18.0
|    |    |    +--- com.google.guava:guava:32.0.1-android -> 32.0.1-jre (*)
|    |    |    +--- io.perfmark:perfmark-api:0.26.0
|    |    |    \--- io.grpc:grpc-context:1.57.0
|    |    |         \--- io.grpc:grpc-api:1.57.0 (*)
|    |    +--- io.grpc:grpc-netty:1.57.0
|    |    |    +--- io.grpc:grpc-core:1.57.0 (*)
|    |    |    +--- io.netty:netty-codec-http2:4.1.93.Final
|    |    |    |    +--- io.netty:netty-common:4.1.93.Final
|    |    |    |    +--- io.netty:netty-buffer:4.1.93.Final
|    |    |    |    |    \--- io.netty:netty-common:4.1.93.Final
|    |    |    |    +--- io.netty:netty-transport:4.1.93.Final
|    |    |    |    |    +--- io.netty:netty-common:4.1.93.Final
|    |    |    |    |    +--- io.netty:netty-buffer:4.1.93.Final (*)
|    |    |    |    |    \--- io.netty:netty-resolver:4.1.93.Final
|    |    |    |    |         \--- io.netty:netty-common:4.1.93.Final
|    |    |    |    +--- io.netty:netty-codec:4.1.93.Final
|    |    |    |    |    +--- io.netty:netty-common:4.1.93.Final
|    |    |    |    |    +--- io.netty:netty-buffer:4.1.93.Final (*)
|    |    |    |    |    \--- io.netty:netty-transport:4.1.93.Final (*)
|    |    |    |    +--- io.netty:netty-handler:4.1.93.Final
|    |    |    |    |    +--- io.netty:netty-common:4.1.93.Final
|    |    |    |    |    +--- io.netty:netty-resolver:4.1.93.Final (*)
|    |    |    |    |    +--- io.netty:netty-buffer:4.1.93.Final (*)
|    |    |    |    |    +--- io.netty:netty-transport:4.1.93.Final (*)
|    |    |    |    |    +--- io.netty:netty-transport-native-unix-common:4.1.93.Final
|    |    |    |    |    |    +--- io.netty:netty-common:4.1.93.Final
|    |    |    |    |    |    +--- io.netty:netty-buffer:4.1.93.Final (*)
|    |    |    |    |    |    \--- io.netty:netty-transport:4.1.93.Final (*)
|    |    |    |    |    \--- io.netty:netty-codec:4.1.93.Final (*)
|    |    |    |    \--- io.netty:netty-codec-http:4.1.93.Final
|    |    |    |         +--- io.netty:netty-common:4.1.93.Final
|    |    |    |         +--- io.netty:netty-buffer:4.1.93.Final (*)
|    |    |    |         +--- io.netty:netty-transport:4.1.93.Final (*)
|    |    |    |         +--- io.netty:netty-codec:4.1.93.Final (*)
|    |    |    |         \--- io.netty:netty-handler:4.1.93.Final (*)
|    |    |    +--- io.netty:netty-handler-proxy:4.1.93.Final
|    |    |    |    +--- io.netty:netty-common:4.1.93.Final
|    |    |    |    +--- io.netty:netty-buffer:4.1.93.Final (*)
|    |    |    |    +--- io.netty:netty-transport:4.1.93.Final (*)
|    |    |    |    +--- io.netty:netty-codec:4.1.93.Final (*)
|    |    |    |    +--- io.netty:netty-codec-socks:4.1.93.Final
|    |    |    |    |    +--- io.netty:netty-common:4.1.93.Final
|    |    |    |    |    +--- io.netty:netty-buffer:4.1.93.Final (*)
|    |    |    |    |    +--- io.netty:netty-transport:4.1.93.Final (*)
|    |    |    |    |    \--- io.netty:netty-codec:4.1.93.Final (*)
|    |    |    |    \--- io.netty:netty-codec-http:4.1.93.Final (*)
|    |    |    +--- com.google.guava:guava:32.0.1-android -> 32.0.1-jre (*)
|    |    |    +--- com.google.errorprone:error_prone_annotations:2.18.0
|    |    |    +--- io.perfmark:perfmark-api:0.26.0
|    |    |    \--- io.netty:netty-transport-native-unix-common:4.1.93.Final (*)
|    |    +--- io.grpc:grpc-protobuf:1.57.0
|    |    |    +--- io.grpc:grpc-api:1.57.0 (*)
|    |    |    +--- com.google.code.findbugs:jsr305:3.0.2
|    |    |    +--- com.google.protobuf:protobuf-java:3.22.3
|    |    |    +--- com.google.api.grpc:proto-google-common-protos:2.17.0
|    |    |    |    \--- com.google.protobuf:protobuf-java:3.21.12 -> 3.22.3
|    |    |    +--- io.grpc:grpc-protobuf-lite:1.57.0
|    |    |    |    +--- io.grpc:grpc-api:1.57.0 (*)
|    |    |    |    +--- com.google.code.findbugs:jsr305:3.0.2
|    |    |    |    \--- com.google.guava:guava:32.0.1-android -> 32.0.1-jre (*)
|    |    |    \--- com.google.guava:guava:32.0.1-android -> 32.0.1-jre (*)
|    |    +--- io.grpc:grpc-stub:1.57.0
|    |    |    +--- io.grpc:grpc-api:1.57.0 (*)
|    |    |    +--- com.google.guava:guava:32.0.1-android -> 32.0.1-jre (*)
|    |    |    \--- com.google.errorprone:error_prone_annotations:2.18.0
|    |    +--- javax.annotation:javax.annotation-api:1.3.2
|    |    \--- com.google.protobuf:protobuf-java:3.22.3
|    +--- org.jetbrains.kotlin:kotlin-stdlib-jdk8:1.9.20 (*)
|    +--- com.android.tools.build:transform-api:2.0.0-deprecated-use-gradle-api
|    +--- org.apache.httpcomponents:httpmime:4.5.6 (*)
|    +--- commons-io:commons-io:2.13.0
|    +--- org.ow2.asm:asm:9.6
|    +--- org.ow2.asm:asm-analysis:9.6
|    |    \--- org.ow2.asm:asm-tree:9.6
|    |         \--- org.ow2.asm:asm:9.6
|    +--- org.ow2.asm:asm-commons:9.6
|    |    +--- org.ow2.asm:asm:9.6
|    |    \--- org.ow2.asm:asm-tree:9.6 (*)
|    +--- org.ow2.asm:asm-util:9.6
|    |    +--- org.ow2.asm:asm:9.6
|    |    +--- org.ow2.asm:asm-tree:9.6 (*)
|    |    \--- org.ow2.asm:asm-analysis:9.6 (*)
|    +--- org.bouncycastle:bcpkix-jdk18on:1.77 (*)
|    +--- org.glassfish.jaxb:jaxb-runtime:2.3.2 (*)
|    +--- net.sf.jopt-simple:jopt-simple:4.9
|    +--- com.android.tools.build:bundletool:1.16.0
|    |    +--- com.android.tools.build:aapt2-proto:7.3.0-alpha07-8248216 -> 8.6.1-11315950 (*)
|    |    +--- com.google.auto.value:auto-value-annotations:1.6.2
|    |    +--- com.google.errorprone:error_prone_annotations:2.3.1 -> 2.18.0
|    |    +--- com.google.guava:guava:32.0.1-jre (*)
|    |    +--- com.google.protobuf:protobuf-java:3.22.3
|    |    +--- com.google.protobuf:protobuf-java-util:3.22.3
|    |    |    +--- com.google.protobuf:protobuf-java:3.22.3
|    |    |    +--- com.google.code.findbugs:jsr305:3.0.2
|    |    |    +--- com.google.code.gson:gson:2.8.9 -> 2.10.1
|    |    |    +--- com.google.errorprone:error_prone_annotations:2.11.0 -> 2.18.0
|    |    |    +--- com.google.guava:guava:31.1-jre -> 32.0.1-jre (*)
|    |    |    \--- com.google.j2objc:j2objc-annotations:1.3 -> 2.8
|    |    +--- com.google.dagger:dagger:2.28.3
|    |    |    \--- javax.inject:javax.inject:1
|    |    +--- javax.inject:javax.inject:1
|    |    +--- org.bitbucket.b_c:jose4j:0.9.5
|    |    \--- org.slf4j:slf4j-api:1.7.30
|    +--- com.android.tools.build.jetifier:jetifier-core:1.0.0-beta10 (*)
|    +--- com.android.tools.build.jetifier:jetifier-processor:1.0.0-beta10
|    |    +--- com.android.tools.build.jetifier:jetifier-core:1.0.0-beta10 (*)
|    |    +--- org.ow2.asm:asm:8.0.1 -> 9.6
|    |    +--- org.ow2.asm:asm-util:8.0.1 -> 9.6 (*)
|    |    +--- org.ow2.asm:asm-commons:8.0.1 -> 9.6 (*)
|    |    +--- org.jdom:jdom2:2.0.6
|    |    \--- org.jetbrains.kotlin:kotlin-stdlib:1.3.71 -> 1.9.22 (*)
|    +--- com.squareup:javapoet:1.10.0
|    +--- com.google.protobuf:protobuf-java:3.22.3
|    +--- com.google.protobuf:protobuf-java-util:3.22.3 (*)
|    +--- com.google.code.gson:gson:2.10.1
|    +--- io.grpc:grpc-core:1.57.0 (*)
|    +--- io.grpc:grpc-netty:1.57.0 (*)
|    +--- io.grpc:grpc-protobuf:1.57.0 (*)
|    +--- io.grpc:grpc-stub:1.57.0 (*)
|    +--- com.google.crypto.tink:tink:1.7.0
|    |    +--- com.google.protobuf:protobuf-java:3.19.3 -> 3.22.3
|    |    \--- com.google.code.gson:gson:2.8.9 -> 2.10.1
|    +--- com.google.testing.platform:core-proto:0.0.9-alpha02
|    +--- net.sf.kxml:kxml2:2.3.0
|    +--- com.google.flatbuffers:flatbuffers-java:1.12.0
|    +--- org.tensorflow:tensorflow-lite-metadata:0.1.0-rc2
|    |    +--- org.checkerframework:checker-qual:2.5.8 -> 3.33.0
|    |    \--- com.google.flatbuffers:flatbuffers-java:1.12.0
|    +--- com.android.tools.build:builder:8.6.1
|    |    +--- com.android.tools.build:builder-model:8.6.1 (*)
|    |    +--- com.android.tools.build:builder-test-api:8.6.1 (*)
|    |    +--- com.android.tools:sdklib:31.6.1 (*)
|    |    +--- com.android.tools:sdk-common:31.6.1 (*)
|    |    +--- com.android.tools:common:31.6.1 (*)
|    |    +--- com.android.tools.ddms:ddmlib:31.6.1 (*)
|    |    +--- com.android:signflinger:8.6.1
|    |    |    +--- com.android.tools:annotations:31.6.1
|    |    |    +--- com.android.tools.build:apksig:8.6.1
|    |    |    \--- com.android:zipflinger:8.6.1
|    |    |         \--- com.android.tools:annotations:31.6.1
|    |    +--- com.android.tools.analytics-library:protos:31.6.1 (*)
|    |    +--- com.android.tools.analytics-library:tracker:31.6.1
|    |    |    +--- com.android.tools.analytics-library:protos:31.6.1 (*)
|    |    |    +--- com.android.tools.analytics-library:shared:31.6.1 (*)
|    |    |    +--- com.android.tools:annotations:31.6.1
|    |    |    +--- com.android.tools:common:31.6.1 (*)
|    |    |    +--- com.google.guava:guava:32.0.1-jre (*)
|    |    |    +--- com.google.protobuf:protobuf-java:3.22.3
|    |    |    \--- org.jetbrains.kotlin:kotlin-stdlib-jdk8:1.9.20 (*)
|    |    +--- com.android.tools.layoutlib:layoutlib-api:31.6.1 (*)
|    |    +--- org.jetbrains.kotlin:kotlin-stdlib-jdk8:1.9.20 (*)
|    |    +--- org.bouncycastle:bcpkix-jdk18on:1.77 (*)
|    |    +--- commons-codec:commons-codec:1.10 -> 1.11
|    |    +--- org.bouncycastle:bcprov-jdk18on:1.77
|    |    +--- javax.inject:javax.inject:1
|    |    +--- org.ow2.asm:asm-commons:9.6 (*)
|    |    +--- com.android.tools.build:manifest-merger:31.6.1
|    |    |    +--- com.android.tools:common:31.6.1 (*)
|    |    |    +--- com.android.tools:sdklib:31.6.1 (*)
|    |    |    +--- com.android.tools:sdk-common:31.6.1 (*)
|    |    |    +--- com.google.code.gson:gson:2.10.1
|    |    |    +--- org.jetbrains.kotlin:kotlin-stdlib-jdk8:1.9.20 (*)
|    |    |    \--- net.sf.kxml:kxml2:2.3.0
|    |    +--- com.android:zipflinger:8.6.1 (*)
|    |    +--- com.android.tools.build:apksig:8.6.1
|    |    +--- com.android.tools.build:apkzlib:8.6.1
|    |    |    +--- com.android.tools.build:apksig:8.6.1
|    |    |    +--- com.google.code.findbugs:jsr305:3.0.2
|    |    |    +--- com.google.guava:guava:32.0.1-jre (*)
|    |    |    +--- org.bouncycastle:bcpkix-jdk18on:1.77 (*)
|    |    |    \--- org.bouncycastle:bcprov-jdk18on:1.77
|    |    \--- com.squareup:javawriter:2.5.0
|    +--- com.android.tools.build:builder-model:8.6.1 (*)
|    \--- com.android.tools.build:gradle-api:8.6.1
|         +--- com.android.tools.build:builder-test-api:8.6.1 (*)
|         +--- com.google.guava:guava:32.0.1-jre (*)
|         +--- org.jetbrains.kotlin:kotlin-stdlib-jdk8:1.9.20 (*)
|         \--- org.ow2.asm:asm:9.6
+--- org.jetbrains.kotlin:kotlin-gradle-plugin:1.9.20
|    +--- org.jetbrains.kotlin:kotlin-gradle-plugins-bom:1.9.20
|    |    +--- org.jetbrains.kotlin:kotlin-gradle-plugin-api:1.9.20 (c)
|    |    +--- org.jetbrains.kotlin:kotlin-gradle-plugin-model:1.9.20 (c)
|    |    +--- org.jetbrains.kotlin:kotlin-gradle-plugin:1.9.20 (c)
|    |    +--- org.jetbrains.kotlin:kotlin-gradle-plugin-annotations:1.9.20 (c)
|    |    +--- org.jetbrains.kotlin:kotlin-native-utils:1.9.20 (c)
|    |    \--- org.jetbrains.kotlin:kotlin-tooling-core:1.9.20 (c)
|    +--- org.jetbrains.kotlin:kotlin-gradle-plugin-api:1.9.20
|    |    +--- org.jetbrains.kotlin:kotlin-gradle-plugins-bom:1.9.20 (*)
|    |    +--- org.jetbrains.kotlin:kotlin-gradle-plugin-annotations:1.9.20
|    |    +--- org.jetbrains.kotlin:kotlin-native-utils:1.9.20
|    |    |    +--- org.jetbrains.kotlin:kotlin-util-io:1.9.20
|    |    |    \--- org.jetbrains.kotlin:kotlin-util-klib:1.9.20
|    |    |         \--- org.jetbrains.kotlin:kotlin-util-io:1.9.20
|    |    +--- org.jetbrains.kotlin:kotlin-project-model:1.9.20
|    |    |    \--- org.jetbrains.kotlin:kotlin-tooling-core:1.9.20
|    |    \--- org.jetbrains.kotlin:kotlin-tooling-core:1.9.20
|    +--- org.jetbrains.kotlin:kotlin-gradle-plugin-model:1.9.20
|    |    +--- org.jetbrains.kotlin:kotlin-gradle-plugin-api:1.9.20 (*)
|    |    \--- org.jetbrains.kotlin:kotlin-gradle-plugins-bom:1.9.20 (*)
|    +--- org.jetbrains.kotlin:kotlin-gradle-plugin-idea:1.9.20
|    |    +--- org.jetbrains.kotlin:kotlin-tooling-core:1.9.20
|    |    \--- org.jetbrains.kotlin:kotlin-gradle-plugin-annotations:1.9.20
|    +--- org.jetbrains.kotlin:kotlin-gradle-plugin-idea-proto:1.9.20
|    |    \--- org.jetbrains.kotlin:kotlin-gradle-plugin-idea:1.9.20 (*)
|    +--- org.jetbrains.kotlin:kotlin-util-klib:1.9.20 (*)
|    +--- org.jetbrains.kotlin:kotlin-klib-commonizer-api:1.9.20
|    |    \--- org.jetbrains.kotlin:kotlin-native-utils:1.9.20 (*)
|    +--- org.jetbrains.kotlin:kotlin-build-tools-api:1.9.20
|    +--- org.jetbrains.kotlin:kotlin-compiler-embeddable:1.9.20
|    |    +--- org.jetbrains.kotlin:kotlin-daemon-embeddable:1.9.20
|    |    \--- org.jetbrains.intellij.deps:trove4j:1.0.20200330
|    +--- org.jetbrains.kotlin:kotlin-android-extensions:1.9.20
|    |    \--- org.jetbrains.kotlin:kotlin-compiler-embeddable:1.9.20 (*)
|    +--- org.jetbrains.kotlin:kotlin-compiler-runner:1.9.20
|    |    +--- org.jetbrains.kotlin:kotlin-daemon-client:1.9.20
|    |    +--- org.jetbrains.kotlinx:kotlinx-coroutines-core-jvm:1.5.0
|    |    \--- org.jetbrains.kotlin:kotlin-compiler-embeddable:1.9.20 (*)
|    +--- org.jetbrains.kotlin:kotlin-scripting-compiler-embeddable:1.9.20
|    |    \--- org.jetbrains.kotlin:kotlin-scripting-compiler-impl-embeddable:1.9.20
|    |         +--- org.jetbrains.kotlin:kotlin-scripting-common:1.9.20
|    |         \--- org.jetbrains.kotlin:kotlin-scripting-jvm:1.9.20
|    |              \--- org.jetbrains.kotlin:kotlin-scripting-common:1.9.20
|    \--- org.jetbrains.kotlin:kotlin-scripting-compiler-impl-embeddable:1.9.20 (*)
+--- com.android.application:com.android.application.gradle.plugin:8.6.1
|    \--- com.android.tools.build:gradle:8.6.1 (*)
+--- com.android.library:com.android.library.gradle.plugin:8.6.1
|    \--- com.android.tools.build:gradle:8.6.1 (*)
+--- org.jetbrains.kotlin.android:org.jetbrains.kotlin.android.gradle.plugin:1.9.20
|    \--- org.jetbrains.kotlin:kotlin-gradle-plugin:1.9.20 (*)
+--- org.jetbrains.kotlin.jvm:org.jetbrains.kotlin.jvm.gradle.plugin:1.9.20
|    \--- org.jetbrains.kotlin:kotlin-gradle-plugin:1.9.20 (*)
+--- org.jetbrains.kotlin:kotlin-reflect:{strictly 1.9.22} -> 1.9.22 (c)
+--- org.jetbrains:annotations:{strictly 13.0} -> 13.0 (c)
\--- org.jetbrains.kotlin:kotlin-stdlib:{strictly 1.9.22} -> 1.9.22 (c)

(c) - A dependency constraint, not a dependency. The dependency affected by the constraint occurs elsewhere in the tree.
(*) - Indicates repeated occurrences of a transitive dependency subtree. Gradle expands transitive dependency subtrees only once per project; repeat occurrences only display the root of the subtree, followed by this annotation.

A web-based, searchable dependency report is available by adding the --scan option.

BUILD SUCCESSFUL in 1m 54s
1 actionable task: 1 executed
To honour the JVM settings for this build a single-use Daemon process will be forked. For more on this, please refer to https://docs.gradle.org/8.7/userguide/gradle_daemon.html#sec:disabling_the_daemon in the Gradle documentation.
Daemon will be stopped at the end of the build 

> Configure project :
Build was configured to prefer settings repositories over project repositories but repository 'Google' was added by build file 'build.gradle.kts'
Build was configured to prefer settings repositories over project repositories but repository 'MavenRepo' was added by build file 'build.gradle.kts'

> Task :dependencies

------------------------------------------------------------
Root project 'telegram-plugin-resolver'
------------------------------------------------------------

No configurations

A web-based, searchable dependency report is available by adding the --scan option.

BUILD SUCCESSFUL in 10s
1 actionable task: 1 executed
[0;34m[2026-05-02 15:45:09][0m Copying plugin dependencies to segment directory...
[0;32m[2026-05-02 15:45:11] ✓[0m Copied caches directory
[0;32m[2026-05-02 15:45:12] ✓[0m Copied wrapper directory
[0;32m[2026-05-02 15:45:12] ✓[0m Plugins segment generated at: /root/temp/Telegram/offline-repo-plugins
1.1G	/root/temp/Telegram/offline-repo-plugins
[0;34m[2026-05-02 15:45:12][0m 
[0;34m[2026-05-02 15:45:12][0m ==========================================
[0;34m[2026-05-02 15:45:12][0m Generation Complete
[0;34m[2026-05-02 15:45:12][0m ==========================================
[0;34m[2026-05-02 15:45:12][0m Generated segments:
[0;34m[2026-05-02 15:45:12][0m   - /root/temp/Telegram/offline-repo-plugins (1.1G)
[0;34m[2026-05-02 15:45:12][0m 
[0;34m[2026-05-02 15:45:12][0m Next steps:
[0;34m[2026-05-02 15:45:12][0m 1. Compress each segment: tar -czf offline-repo-<segment>.tar.gz offline-repo-<segment>/
[0;34m[2026-05-02 15:45:12][0m 2. Transfer to offline machine
[0;34m[2026-05-02 15:45:12][0m 3. Extract all segments: tar -xzf offline-repo-<segment>.tar.gz
[0;34m[2026-05-02 15:45:12][0m 4. Merge Gradle homes: GRADLE_USER_HOME=/path/to/merged/gradle
[0;34m[2026-05-02 15:45:12][0m    - Copy all caches/* from each segment to merged location
[0;34m[2026-05-02 15:45:12][0m    - Copy wrapper/* from any segment to merged location
[0;34m[2026-05-02 15:45:12][0m 
[0;34m[2026-05-02 15:45:12][0m Log file: /root/temp/Telegram/offline-repo-generation.log
[0;32m[2026-05-02 15:45:12] ✓[0m All done!
