[2026-05-03 13:47:29] Starting Termux repository build for version 0.119.0-beta.3
[2026-05-03 13:47:29] Creating directory structure...
[2026-05-03 13:47:29] Installing required tools...
Hit:1 https://download.docker.com/linux/ubuntu jammy InRelease
Hit:2 http://security.ubuntu.com/ubuntu jammy-security InRelease
Hit:3 http://archive.ubuntu.com/ubuntu jammy InRelease
Hit:4 http://archive.ubuntu.com/ubuntu jammy-updates InRelease
Hit:5 http://archive.ubuntu.com/ubuntu jammy-backports InRelease
Reading package lists...
Reading package lists...
Building dependency tree...
Reading state information...
apt-utils is already the newest version (2.4.14).
curl is already the newest version (7.81.0-1ubuntu1.23).
dpkg-dev is already the newest version (1.21.1ubuntu2.6).
gnupg is already the newest version (2.2.27-3ubuntu2.5).
wget is already the newest version (1.21.2-2ubuntu1.1).
The following packages were automatically installed and are no longer required:
  libflashrom1 libftdi1-2 libpkcs11-helper1
Use 'sudo apt autoremove' to remove them.
0 upgraded, 0 newly installed, 0 to remove and 42 not upgraded.
[2026-05-03 13:47:32] Downloading wget, tar and their dependencies...
[2026-05-03 13:47:32] Downloading wget...
[2026-05-03 13:47:32] Downloading tar...
[2026-05-03 13:47:32] Downloading libandroid-support...
[2026-05-03 13:47:32] Downloading libc++...
[2026-05-03 13:47:32] Downloading openssl...
[2026-05-03 13:47:32] Downloading ca-certificates...
[2026-05-03 13:47:32] Downloading zlib...
[2026-05-03 13:47:32] Downloading libuuid...
[2026-05-03 13:47:33] Downloading pcre2...
[2026-05-03 13:47:33] Downloading libidn2...
[2026-05-03 13:47:33] Downloading libunistring...
[2026-05-03 13:47:33] Downloading libnettle...
[2026-05-03 13:47:33] Downloading libgmp...
[2026-05-03 13:47:33] Downloading libgnutls...
[2026-05-03 13:47:33] Downloading libcrypt...
[2026-05-03 13:47:33] Downloading libiconv...
[2026-05-03 13:47:33] Downloading libacl...
[2026-05-03 13:47:33] Downloading libattr...
[2026-05-03 13:47:34] Generating Packages file...
[2026-05-03 13:47:34] Compressing Packages file...
[2026-05-03 13:47:34] Creating Release file...
[2026-05-03 13:47:34] Generating checksums...
[2026-05-03 13:47:34] Setting up GPG key...
[2026-05-03 13:47:34] Signing Release file...
[2026-05-03 13:47:34] Exporting public key...
[2026-05-03 13:47:34] Creating repository info...
[2026-05-03 13:47:34] Repository build complete!
[2026-05-03 13:47:34] Repository location: /root/termux-repo
[2026-05-03 13:47:34] Public key: /root/termux-repo/public.key
[2026-05-03 13:47:34] 
[2026-05-03 13:47:34] Package count: 0
[2026-05-03 13:47:34] 
[2026-05-03 13:47:34] To use this repository, copy it to your device and follow the instructions in README.md
